<?xml version="1.0" encoding="UTF-8"?>
<!-- Generated by org.testng.reporters.JUnitReportReporter -->
<testsuite hostname="DESKTOP-CR4J9S6" failures="0" tests="7" name="seleniumTestNG.SeleniumPlusTestNgTests" time="7.385" errors="0" timestamp="27 Apr 2021 15:28:56 GMT">
  <testcase classname="seleniumTestNG.SeleniumPlusTestNgTests" name="printPageTitle" time="2.172"/>
  <testcase classname="seleniumTestNG.SeleniumPlusTestNgTests" name="printPageTitle" time="1.184"/>
  <testcase classname="seleniumTestNG.SeleniumPlusTestNgTests" name="printPageTitle" time="0.369"/>
  <testcase classname="seleniumTestNG.SeleniumPlusTestNgTests" name="login" time="1.490"/>
  <testcase classname="seleniumTestNG.SeleniumPlusTestNgTests" name="printPageTitle" time="0.455"/>
  <testcase classname="seleniumTestNG.SeleniumPlusTestNgTests" name="printPageTitle" time="0.771"/>
  <testcase classname="seleniumTestNG.SeleniumPlusTestNgTests" name="printPageTitle" time="0.944"/>
</testsuite> <!-- seleniumTestNG.SeleniumPlusTestNgTests -->
