<?xml version="1.0" encoding="UTF-8"?>
<!-- Generated by org.testng.reporters.JUnitReportReporter -->
<testsuite hostname="DESKTOP-CR4J9S6" failures="0" tests="1" name="seleniumTestNG.SearchUserTests" time="4.083" errors="0" timestamp="01 may. 2021 16:39:38 GMT" skipped="0">
  <testcase classname="seleniumTestNG.SearchUserTests" name="searchUser" time="4.083"/>
</testsuite> <!-- seleniumTestNG.SearchUserTests -->
